0 info it worked if it ends with ok
1 verbose cli [ '/Users/yw/.nvm/versions/node/v5.9.1/bin/node',
1 verbose cli   '/Users/yw/.nvm/versions/node/v5.9.1/bin/npm',
1 verbose cli   'start' ]
2 info using npm@2.15.1
3 info using node@v5.9.1
4 verbose run-script [ 'prestart', 'start', 'poststart' ]
5 info prestart 01@
6 info start 01@
7 verbose unsafe-perm in lifecycle true
8 info 01@ Failed to exec start script
9 verbose stack Error: 01@ start: `node .`
9 verbose stack Exit status 1
9 verbose stack     at EventEmitter.<anonymous> (/Users/yw/.nvm/versions/node/v5.9.1/lib/node_modules/npm/lib/utils/lifecycle.js:217:16)
9 verbose stack     at emitTwo (events.js:100:13)
9 verbose stack     at EventEmitter.emit (events.js:185:7)
9 verbose stack     at ChildProcess.<anonymous> (/Users/yw/.nvm/versions/node/v5.9.1/lib/node_modules/npm/lib/utils/spawn.js:24:14)
9 verbose stack     at emitTwo (events.js:100:13)
9 verbose stack     at ChildProcess.emit (events.js:185:7)
9 verbose stack     at maybeClose (internal/child_process.js:850:16)
9 verbose stack     at Process.ChildProcess._handle.onexit (internal/child_process.js:215:5)
10 verbose pkgid 01@
11 verbose cwd /Users/yw/src/yw/distributed-patterns-workshop/solutions/01
12 error Darwin 14.5.0
13 error argv "/Users/yw/.nvm/versions/node/v5.9.1/bin/node" "/Users/yw/.nvm/versions/node/v5.9.1/bin/npm" "start"
14 error node v5.9.1
15 error npm  v2.15.1
16 error code ELIFECYCLE
17 error 01@ start: `node .`
17 error Exit status 1
18 error Failed at the 01@ start script 'node .'.
18 error This is most likely a problem with the 01 package,
18 error not with npm itself.
18 error Tell the author that this fails on your system:
18 error     node .
18 error You can get information on how to open an issue for this project with:
18 error     npm bugs 01
18 error Or if that isn't available, you can get their info via:
18 error
18 error     npm owner ls 01
18 error There is likely additional logging output above.
19 verbose exit [ 1, true ]
